-------------------------------------------------------------------------------
Test set: fr.cnes.analysis.tools.fortran77.rules.F77.DATA.Array.TestF77DATAArray
-------------------------------------------------------------------------------
Tests run: 2, Failures: 0, Errors: 0, Skipped: 0, Time elapsed: 0.026 sec - in fr.cnes.analysis.tools.fortran77.rules.F77.DATA.Array.TestF77DATAArray
testRunWithoutError(fr.cnes.analysis.tools.fortran77.rules.F77.DATA.Array.TestF77DATAArray)  Time elapsed: 0.008 sec
testRunWithError(fr.cnes.analysis.tools.fortran77.rules.F77.DATA.Array.TestF77DATAArray)  Time elapsed: 0.005 sec
