-------------------------------------------------------------------------------
Test set: fr.cnes.analysis.tools.fortran77.rules.F77.INST.If.TestF77INSTIf
-------------------------------------------------------------------------------
Tests run: 2, Failures: 0, Errors: 0, Skipped: 0, Time elapsed: 0.018 sec - in fr.cnes.analysis.tools.fortran77.rules.F77.INST.If.TestF77INSTIf
testRunWithoutError(fr.cnes.analysis.tools.fortran77.rules.F77.INST.If.TestF77INSTIf)  Time elapsed: 0.007 sec
testRunWithError(fr.cnes.analysis.tools.fortran77.rules.F77.INST.If.TestF77INSTIf)  Time elapsed: 0.005 sec
