-------------------------------------------------------------------------------
Test set: fr.cnes.analysis.tools.fortran77.rules.COM.FLOW.CheckUser.TestCOMFLOWCheckUser
-------------------------------------------------------------------------------
Tests run: 2, Failures: 0, Errors: 0, Skipped: 0, Time elapsed: 0.042 sec - in fr.cnes.analysis.tools.fortran77.rules.COM.FLOW.CheckUser.TestCOMFLOWCheckUser
testRunWithoutError(fr.cnes.analysis.tools.fortran77.rules.COM.FLOW.CheckUser.TestCOMFLOWCheckUser)  Time elapsed: 0.005 sec
testRunWithError(fr.cnes.analysis.tools.fortran77.rules.COM.FLOW.CheckUser.TestCOMFLOWCheckUser)  Time elapsed: 0.005 sec
