-------------------------------------------------------------------------------
Test set: fr.cnes.analysis.tools.fortran77.rules.F77.INST.Function.TestF77INSTFunction
-------------------------------------------------------------------------------
Tests run: 2, Failures: 0, Errors: 0, Skipped: 0, Time elapsed: 0.013 sec - in fr.cnes.analysis.tools.fortran77.rules.F77.INST.Function.TestF77INSTFunction
testRunWithoutError(fr.cnes.analysis.tools.fortran77.rules.F77.INST.Function.TestF77INSTFunction)  Time elapsed: 0.004 sec
testRunWithError(fr.cnes.analysis.tools.fortran77.rules.F77.INST.Function.TestF77INSTFunction)  Time elapsed: 0.003 sec
