-------------------------------------------------------------------------------
Test set: fr.cnes.analysis.tools.fortran77.rules.F77.NAME.KeyWords.TestF77NAMEKeyWords
-------------------------------------------------------------------------------
Tests run: 2, Failures: 0, Errors: 0, Skipped: 0, Time elapsed: 0.041 sec - in fr.cnes.analysis.tools.fortran77.rules.F77.NAME.KeyWords.TestF77NAMEKeyWords
testRunWithoutError(fr.cnes.analysis.tools.fortran77.rules.F77.NAME.KeyWords.TestF77NAMEKeyWords)  Time elapsed: 0.008 sec
testRunWithError(fr.cnes.analysis.tools.fortran77.rules.F77.NAME.KeyWords.TestF77NAMEKeyWords)  Time elapsed: 0.005 sec
