-------------------------------------------------------------------------------
Test set: fr.cnes.analysis.tools.fortran77.rules.COM.DATA.LoopCondition.TestCOMDATALoopCondition
-------------------------------------------------------------------------------
Tests run: 2, Failures: 0, Errors: 0, Skipped: 0, Time elapsed: 0.042 sec - in fr.cnes.analysis.tools.fortran77.rules.COM.DATA.LoopCondition.TestCOMDATALoopCondition
testRunWithoutError(fr.cnes.analysis.tools.fortran77.rules.COM.DATA.LoopCondition.TestCOMDATALoopCondition)  Time elapsed: 0.015 sec
testRunWithError(fr.cnes.analysis.tools.fortran77.rules.COM.DATA.LoopCondition.TestCOMDATALoopCondition)  Time elapsed: 0.009 sec
