-------------------------------------------------------------------------------
Test set: fr.cnes.analysis.tools.fortran77.rules.F77.BLOC.Function.TestF77BLOCFunction
-------------------------------------------------------------------------------
Tests run: 2, Failures: 0, Errors: 0, Skipped: 0, Time elapsed: 0.034 sec - in fr.cnes.analysis.tools.fortran77.rules.F77.BLOC.Function.TestF77BLOCFunction
testRunWithoutError(fr.cnes.analysis.tools.fortran77.rules.F77.BLOC.Function.TestF77BLOCFunction)  Time elapsed: 0.005 sec
testRunWithError(fr.cnes.analysis.tools.fortran77.rules.F77.BLOC.Function.TestF77BLOCFunction)  Time elapsed: 0.019 sec
