-------------------------------------------------------------------------------
Test set: fr.cnes.analysis.tools.fortran77.rules.COM.FLOW.FileExistence.TestCOMFLOWFileExistence
-------------------------------------------------------------------------------
Tests run: 2, Failures: 0, Errors: 0, Skipped: 0, Time elapsed: 0.022 sec - in fr.cnes.analysis.tools.fortran77.rules.COM.FLOW.FileExistence.TestCOMFLOWFileExistence
testRunWithoutError(fr.cnes.analysis.tools.fortran77.rules.COM.FLOW.FileExistence.TestCOMFLOWFileExistence)  Time elapsed: 0.006 sec
testRunWithError(fr.cnes.analysis.tools.fortran77.rules.COM.FLOW.FileExistence.TestCOMFLOWFileExistence)  Time elapsed: 0.008 sec
