-------------------------------------------------------------------------------
Test set: fr.cnes.analysis.tools.fortran77.rules.F77.BLOC.Else.TestF77BLOCElse
-------------------------------------------------------------------------------
Tests run: 2, Failures: 0, Errors: 0, Skipped: 0, Time elapsed: 0.019 sec - in fr.cnes.analysis.tools.fortran77.rules.F77.BLOC.Else.TestF77BLOCElse
testRunWithoutError(fr.cnes.analysis.tools.fortran77.rules.F77.BLOC.Else.TestF77BLOCElse)  Time elapsed: 0.005 sec
testRunWithError(fr.cnes.analysis.tools.fortran77.rules.F77.BLOC.Else.TestF77BLOCElse)  Time elapsed: 0.005 sec
