-------------------------------------------------------------------------------
Test set: fr.cnes.analysis.tools.fortran77.rules.COM.FLOW.Abort.TestCOMFLOWAbort
-------------------------------------------------------------------------------
Tests run: 2, Failures: 0, Errors: 0, Skipped: 0, Time elapsed: 0.023 sec - in fr.cnes.analysis.tools.fortran77.rules.COM.FLOW.Abort.TestCOMFLOWAbort
testRunWithoutError(fr.cnes.analysis.tools.fortran77.rules.COM.FLOW.Abort.TestCOMFLOWAbort)  Time elapsed: 0.008 sec
testRunWithError(fr.cnes.analysis.tools.fortran77.rules.COM.FLOW.Abort.TestCOMFLOWAbort)  Time elapsed: 0.007 sec
