-------------------------------------------------------------------------------
Test set: fr.cnes.analysis.tools.fortran77.rules.F77.REF.Open.TestF77REFOpen
-------------------------------------------------------------------------------
Tests run: 2, Failures: 0, Errors: 0, Skipped: 0, Time elapsed: 0.033 sec - in fr.cnes.analysis.tools.fortran77.rules.F77.REF.Open.TestF77REFOpen
testRunWithoutError(fr.cnes.analysis.tools.fortran77.rules.F77.REF.Open.TestF77REFOpen)  Time elapsed: 0.006 sec
testRunWithError(fr.cnes.analysis.tools.fortran77.rules.F77.REF.Open.TestF77REFOpen)  Time elapsed: 0.009 sec
