-------------------------------------------------------------------------------
Test set: fr.cnes.analysis.tools.fortran77.rules.F77.NAME.GenericIntrinsic.TestF77NAMEGenericIntrinsic
-------------------------------------------------------------------------------
Tests run: 2, Failures: 0, Errors: 0, Skipped: 0, Time elapsed: 0.018 sec - in fr.cnes.analysis.tools.fortran77.rules.F77.NAME.GenericIntrinsic.TestF77NAMEGenericIntrinsic
testRunWithoutError(fr.cnes.analysis.tools.fortran77.rules.F77.NAME.GenericIntrinsic.TestF77NAMEGenericIntrinsic)  Time elapsed: 0.005 sec
testRunWithError(fr.cnes.analysis.tools.fortran77.rules.F77.NAME.GenericIntrinsic.TestF77NAMEGenericIntrinsic)  Time elapsed: 0.003 sec
