-------------------------------------------------------------------------------
Test set: fr.cnes.analysis.tools.fortran77.rules.COM.INST.Brace.TestCOMINSTBrace
-------------------------------------------------------------------------------
Tests run: 2, Failures: 0, Errors: 0, Skipped: 0, Time elapsed: 0.019 sec - in fr.cnes.analysis.tools.fortran77.rules.COM.INST.Brace.TestCOMINSTBrace
testRunWithoutError(fr.cnes.analysis.tools.fortran77.rules.COM.INST.Brace.TestCOMINSTBrace)  Time elapsed: 0.005 sec
testRunWithError(fr.cnes.analysis.tools.fortran77.rules.COM.INST.Brace.TestCOMINSTBrace)  Time elapsed: 0.008 sec
