-------------------------------------------------------------------------------
Test set: fr.cnes.analysis.tools.fortran77.rules.F77.DATA.Parameter.TestF77DATAParameter
-------------------------------------------------------------------------------
Tests run: 2, Failures: 0, Errors: 0, Skipped: 0, Time elapsed: 0.02 sec - in fr.cnes.analysis.tools.fortran77.rules.F77.DATA.Parameter.TestF77DATAParameter
testRunWithoutError(fr.cnes.analysis.tools.fortran77.rules.F77.DATA.Parameter.TestF77DATAParameter)  Time elapsed: 0.006 sec
testRunWithError(fr.cnes.analysis.tools.fortran77.rules.F77.DATA.Parameter.TestF77DATAParameter)  Time elapsed: 0.004 sec
