-------------------------------------------------------------------------------
Test set: fr.cnes.analysis.tools.fortran77.rules.F77.PROTO.Declaration.TestF77PROTODeclaration
-------------------------------------------------------------------------------
Tests run: 2, Failures: 0, Errors: 0, Skipped: 0, Time elapsed: 0.016 sec - in fr.cnes.analysis.tools.fortran77.rules.F77.PROTO.Declaration.TestF77PROTODeclaration
testRunWithoutError(fr.cnes.analysis.tools.fortran77.rules.F77.PROTO.Declaration.TestF77PROTODeclaration)  Time elapsed: 0.003 sec
testRunWithError(fr.cnes.analysis.tools.fortran77.rules.F77.PROTO.Declaration.TestF77PROTODeclaration)  Time elapsed: 0.004 sec
