-------------------------------------------------------------------------------
Test set: fr.cnes.analysis.tools.fortran77.rules.F77.DATA.Initialiasation.TestF77DATAInitialisation
-------------------------------------------------------------------------------
Tests run: 2, Failures: 0, Errors: 0, Skipped: 0, Time elapsed: 0.039 sec - in fr.cnes.analysis.tools.fortran77.rules.F77.DATA.Initialiasation.TestF77DATAInitialisation
testRunWithoutError(fr.cnes.analysis.tools.fortran77.rules.F77.DATA.Initialiasation.TestF77DATAInitialisation)  Time elapsed: 0.007 sec
testRunWithError(fr.cnes.analysis.tools.fortran77.rules.F77.DATA.Initialiasation.TestF77DATAInitialisation)  Time elapsed: 0.024 sec
