-------------------------------------------------------------------------------
Test set: fr.cnes.analysis.tools.fortran77.rules.COM.TYPE.Expression.TestCOMTYPEExpression
-------------------------------------------------------------------------------
Tests run: 2, Failures: 0, Errors: 0, Skipped: 0, Time elapsed: 0.023 sec - in fr.cnes.analysis.tools.fortran77.rules.COM.TYPE.Expression.TestCOMTYPEExpression
testRunWithoutError(fr.cnes.analysis.tools.fortran77.rules.COM.TYPE.Expression.TestCOMTYPEExpression)  Time elapsed: 0.003 sec
testRunWithError(fr.cnes.analysis.tools.fortran77.rules.COM.TYPE.Expression.TestCOMTYPEExpression)  Time elapsed: 0.008 sec
