-------------------------------------------------------------------------------
Test set: fr.cnes.analysis.tools.fortran77.rules.COM.PROJECT.Header.TestCOMPROJECTHeader
-------------------------------------------------------------------------------
Tests run: 2, Failures: 0, Errors: 0, Skipped: 0, Time elapsed: 0.024 sec - in fr.cnes.analysis.tools.fortran77.rules.COM.PROJECT.Header.TestCOMPROJECTHeader
testRunWithoutError(fr.cnes.analysis.tools.fortran77.rules.COM.PROJECT.Header.TestCOMPROJECTHeader)  Time elapsed: 0.007 sec
testRunWithError(fr.cnes.analysis.tools.fortran77.rules.COM.PROJECT.Header.TestCOMPROJECTHeader)  Time elapsed: 0.005 sec
