-------------------------------------------------------------------------------
Test set: fr.cnes.analysis.tools.fortran77.rules.F77.TYPE.Basic.TestF77TYPEBasic
-------------------------------------------------------------------------------
Tests run: 2, Failures: 0, Errors: 0, Skipped: 0, Time elapsed: 0.03 sec - in fr.cnes.analysis.tools.fortran77.rules.F77.TYPE.Basic.TestF77TYPEBasic
testRunWithoutError(fr.cnes.analysis.tools.fortran77.rules.F77.TYPE.Basic.TestF77TYPEBasic)  Time elapsed: 0.005 sec
testRunWithError(fr.cnes.analysis.tools.fortran77.rules.F77.TYPE.Basic.TestF77TYPEBasic)  Time elapsed: 0.01 sec
