-------------------------------------------------------------------------------
Test set: fr.cnes.analysis.tools.fortran77.rules.F77.DATA.Double.TestF77DATADouble
-------------------------------------------------------------------------------
Tests run: 2, Failures: 0, Errors: 0, Skipped: 0, Time elapsed: 0.014 sec - in fr.cnes.analysis.tools.fortran77.rules.F77.DATA.Double.TestF77DATADouble
testRunWithoutError(fr.cnes.analysis.tools.fortran77.rules.F77.DATA.Double.TestF77DATADouble)  Time elapsed: 0.004 sec
testRunWithError(fr.cnes.analysis.tools.fortran77.rules.F77.DATA.Double.TestF77DATADouble)  Time elapsed: 0.003 sec
