-------------------------------------------------------------------------------
Test set: fr.cnes.analysis.tools.fortran77.rules.F77.INST.Save.TestF77INSTSave
-------------------------------------------------------------------------------
Tests run: 2, Failures: 0, Errors: 0, Skipped: 0, Time elapsed: 0.023 sec - in fr.cnes.analysis.tools.fortran77.rules.F77.INST.Save.TestF77INSTSave
testRunWithoutError(fr.cnes.analysis.tools.fortran77.rules.F77.INST.Save.TestF77INSTSave)  Time elapsed: 0.004 sec
testRunWithError(fr.cnes.analysis.tools.fortran77.rules.F77.INST.Save.TestF77INSTSave)  Time elapsed: 0.006 sec
