-------------------------------------------------------------------------------
Test set: fr.cnes.analysis.tools.fortran77.rules.F77.DATA.Common.TestF77DATACommon
-------------------------------------------------------------------------------
Tests run: 2, Failures: 0, Errors: 0, Skipped: 0, Time elapsed: 0.02 sec - in fr.cnes.analysis.tools.fortran77.rules.F77.DATA.Common.TestF77DATACommon
testRunWithoutError(fr.cnes.analysis.tools.fortran77.rules.F77.DATA.Common.TestF77DATACommon)  Time elapsed: 0.005 sec
testRunWithError(fr.cnes.analysis.tools.fortran77.rules.F77.DATA.Common.TestF77DATACommon)  Time elapsed: 0.005 sec
