-------------------------------------------------------------------------------
Test set: fr.cnes.analysis.tools.fortran77.rules.COM.DESIGN.ActiveWait.TestCOMDESIGNActiveWait
-------------------------------------------------------------------------------
Tests run: 2, Failures: 0, Errors: 0, Skipped: 0, Time elapsed: 0.025 sec - in fr.cnes.analysis.tools.fortran77.rules.COM.DESIGN.ActiveWait.TestCOMDESIGNActiveWait
testRunWithoutError(fr.cnes.analysis.tools.fortran77.rules.COM.DESIGN.ActiveWait.TestCOMDESIGNActiveWait)  Time elapsed: 0.007 sec
testRunWithError(fr.cnes.analysis.tools.fortran77.rules.COM.DESIGN.ActiveWait.TestCOMDESIGNActiveWait)  Time elapsed: 0.007 sec
