-------------------------------------------------------------------------------
Test set: fr.cnes.analysis.tools.fortran77.rules.F77.NAME.Label.TestF77NAMELabel
-------------------------------------------------------------------------------
Tests run: 2, Failures: 0, Errors: 0, Skipped: 0, Time elapsed: 0.032 sec - in fr.cnes.analysis.tools.fortran77.rules.F77.NAME.Label.TestF77NAMELabel
testRunWithoutError(fr.cnes.analysis.tools.fortran77.rules.F77.NAME.Label.TestF77NAMELabel)  Time elapsed: 0.014 sec
testRunWithError(fr.cnes.analysis.tools.fortran77.rules.F77.NAME.Label.TestF77NAMELabel)  Time elapsed: 0.007 sec
