-------------------------------------------------------------------------------
Test set: fr.cnes.analysis.tools.fortran77.rules.F77.NAME.Intrinsic.TestF77NAMEIntrinsic
-------------------------------------------------------------------------------
Tests run: 2, Failures: 0, Errors: 0, Skipped: 0, Time elapsed: 0.016 sec - in fr.cnes.analysis.tools.fortran77.rules.F77.NAME.Intrinsic.TestF77NAMEIntrinsic
testRunWithoutError(fr.cnes.analysis.tools.fortran77.rules.F77.NAME.Intrinsic.TestF77NAMEIntrinsic)  Time elapsed: 0.005 sec
testRunWithError(fr.cnes.analysis.tools.fortran77.rules.F77.NAME.Intrinsic.TestF77NAMEIntrinsic)  Time elapsed: 0.006 sec
