-------------------------------------------------------------------------------
Test set: fr.cnes.analysis.tools.fortran77.rules.COM.INST.CodeComment.TestCOMINSTCodeComment
-------------------------------------------------------------------------------
Tests run: 2, Failures: 0, Errors: 0, Skipped: 0, Time elapsed: 0.028 sec - in fr.cnes.analysis.tools.fortran77.rules.COM.INST.CodeComment.TestCOMINSTCodeComment
testRunWithoutError(fr.cnes.analysis.tools.fortran77.rules.COM.INST.CodeComment.TestCOMINSTCodeComment)  Time elapsed: 0.008 sec
testRunWithError(fr.cnes.analysis.tools.fortran77.rules.COM.INST.CodeComment.TestCOMINSTCodeComment)  Time elapsed: 0.006 sec
