-------------------------------------------------------------------------------
Test set: fr.cnes.analysis.tools.fortran77.rules.COM.INST.LoopCondition.TestCOMINSTLoopCondition
-------------------------------------------------------------------------------
Tests run: 2, Failures: 0, Errors: 0, Skipped: 0, Time elapsed: 0.032 sec - in fr.cnes.analysis.tools.fortran77.rules.COM.INST.LoopCondition.TestCOMINSTLoopCondition
testRunWithoutError(fr.cnes.analysis.tools.fortran77.rules.COM.INST.LoopCondition.TestCOMINSTLoopCondition)  Time elapsed: 0.005 sec
testRunWithError(fr.cnes.analysis.tools.fortran77.rules.COM.INST.LoopCondition.TestCOMINSTLoopCondition)  Time elapsed: 0.013 sec
