-------------------------------------------------------------------------------
Test set: fr.cnes.analysis.tools.fortran77.rules.F77.DATA.IO.TestF77DATAIO
-------------------------------------------------------------------------------
Tests run: 2, Failures: 0, Errors: 0, Skipped: 0, Time elapsed: 0.022 sec - in fr.cnes.analysis.tools.fortran77.rules.F77.DATA.IO.TestF77DATAIO
testRunWithoutError(fr.cnes.analysis.tools.fortran77.rules.F77.DATA.IO.TestF77DATAIO)  Time elapsed: 0.007 sec
testRunWithError(fr.cnes.analysis.tools.fortran77.rules.F77.DATA.IO.TestF77DATAIO)  Time elapsed: 0.006 sec
