-------------------------------------------------------------------------------
Test set: fr.cnes.analysis.tools.fortran77.rules.F77.INST.Include.TestF77INSTInclude
-------------------------------------------------------------------------------
Tests run: 2, Failures: 0, Errors: 0, Skipped: 0, Time elapsed: 0.026 sec - in fr.cnes.analysis.tools.fortran77.rules.F77.INST.Include.TestF77INSTInclude
testRunWithoutError(fr.cnes.analysis.tools.fortran77.rules.F77.INST.Include.TestF77INSTInclude)  Time elapsed: 0.003 sec
testRunWithError(fr.cnes.analysis.tools.fortran77.rules.F77.INST.Include.TestF77INSTInclude)  Time elapsed: 0.004 sec
