-------------------------------------------------------------------------------
Test set: fr.cnes.analysis.tools.fortran77.rules.F77.INST.Return.TestF77INSTReturn
-------------------------------------------------------------------------------
Tests run: 2, Failures: 0, Errors: 0, Skipped: 0, Time elapsed: 0.035 sec - in fr.cnes.analysis.tools.fortran77.rules.F77.INST.Return.TestF77INSTReturn
testRunWithoutError(fr.cnes.analysis.tools.fortran77.rules.F77.INST.Return.TestF77INSTReturn)  Time elapsed: 0.004 sec
testRunWithError(fr.cnes.analysis.tools.fortran77.rules.F77.INST.Return.TestF77INSTReturn)  Time elapsed: 0.003 sec
