-------------------------------------------------------------------------------
Test set: fr.cnes.analysis.tools.fortran77.rules.F77.BLOC.Common.TestF77BLOCCommon
-------------------------------------------------------------------------------
Tests run: 2, Failures: 0, Errors: 0, Skipped: 0, Time elapsed: 0.107 sec - in fr.cnes.analysis.tools.fortran77.rules.F77.BLOC.Common.TestF77BLOCCommon
testRunWithoutError(fr.cnes.analysis.tools.fortran77.rules.F77.BLOC.Common.TestF77BLOCCommon)  Time elapsed: 0.01 sec
testRunWithError(fr.cnes.analysis.tools.fortran77.rules.F77.BLOC.Common.TestF77BLOCCommon)  Time elapsed: 0.078 sec
