-------------------------------------------------------------------------------
Test set: fr.cnes.analysis.tools.fortran77.rules.COM.PRES.Indent.TestCOMPRESIndent
-------------------------------------------------------------------------------
Tests run: 2, Failures: 0, Errors: 0, Skipped: 0, Time elapsed: 0.04 sec - in fr.cnes.analysis.tools.fortran77.rules.COM.PRES.Indent.TestCOMPRESIndent
testRunWithoutError(fr.cnes.analysis.tools.fortran77.rules.COM.PRES.Indent.TestCOMPRESIndent)  Time elapsed: 0.008 sec
testRunWithError(fr.cnes.analysis.tools.fortran77.rules.COM.PRES.Indent.TestCOMPRESIndent)  Time elapsed: 0.008 sec
