-------------------------------------------------------------------------------
Test set: fr.cnes.analysis.tools.fortran77.rules.F77.INST.Assign.TestF77INSTAssign
-------------------------------------------------------------------------------
Tests run: 2, Failures: 0, Errors: 0, Skipped: 0, Time elapsed: 0.017 sec - in fr.cnes.analysis.tools.fortran77.rules.F77.INST.Assign.TestF77INSTAssign
testRunWithoutError(fr.cnes.analysis.tools.fortran77.rules.F77.INST.Assign.TestF77INSTAssign)  Time elapsed: 0.005 sec
testRunWithError(fr.cnes.analysis.tools.fortran77.rules.F77.INST.Assign.TestF77INSTAssign)  Time elapsed: 0.006 sec
