-------------------------------------------------------------------------------
Test set: fr.cnes.analysis.tools.fortran90.metrics.RatioComment.TestF90METRatioComment
-------------------------------------------------------------------------------
Tests run: 1, Failures: 0, Errors: 0, Skipped: 0, Time elapsed: 0.035 sec - in fr.cnes.analysis.tools.fortran90.metrics.RatioComment.TestF90METRatioComment
testRunWithError(fr.cnes.analysis.tools.fortran90.metrics.RatioComment.TestF90METRatioComment)  Time elapsed: 0.034 sec
