-------------------------------------------------------------------------------
Test set: fr.cnes.analysis.tools.fortran90.metrics.ComplexitySimplified.TestF90METComplexitySimplified
-------------------------------------------------------------------------------
Tests run: 1, Failures: 0, Errors: 0, Skipped: 0, Time elapsed: 0.179 sec - in fr.cnes.analysis.tools.fortran90.metrics.ComplexitySimplified.TestF90METComplexitySimplified
testRunWithError(fr.cnes.analysis.tools.fortran90.metrics.ComplexitySimplified.TestF90METComplexitySimplified)  Time elapsed: 0.143 sec
