-------------------------------------------------------------------------------
Test set: fr.cnes.analysis.tools.fortran77.metrics.ComplexitySimplified.TestF77METComplexitySimplified
-------------------------------------------------------------------------------
Tests run: 1, Failures: 0, Errors: 0, Skipped: 0, Time elapsed: 0.37 sec - in fr.cnes.analysis.tools.fortran77.metrics.ComplexitySimplified.TestF77METComplexitySimplified
testRunWithError(fr.cnes.analysis.tools.fortran77.metrics.ComplexitySimplified.TestF77METComplexitySimplified)  Time elapsed: 0.244 sec
