-------------------------------------------------------------------------------
Test set: fr.cnes.analysis.tools.fortran77.metrics.RatioComment.TestF77METRatioComment
-------------------------------------------------------------------------------
Tests run: 1, Failures: 0, Errors: 0, Skipped: 0, Time elapsed: 0.09 sec - in fr.cnes.analysis.tools.fortran77.metrics.RatioComment.TestF77METRatioComment
testRunWithError(fr.cnes.analysis.tools.fortran77.metrics.RatioComment.TestF77METRatioComment)  Time elapsed: 0.089 sec
