-------------------------------------------------------------------------------
Test set: fr.cnes.analysis.tools.fortran90.rules.F90.DATA.Declaration.TestF90DATADeclaration
-------------------------------------------------------------------------------
Tests run: 2, Failures: 0, Errors: 0, Skipped: 0, Time elapsed: 0.033 sec - in fr.cnes.analysis.tools.fortran90.rules.F90.DATA.Declaration.TestF90DATADeclaration
testRunWithoutError(fr.cnes.analysis.tools.fortran90.rules.F90.DATA.Declaration.TestF90DATADeclaration)  Time elapsed: 0.009 sec
testRunWithError(fr.cnes.analysis.tools.fortran90.rules.F90.DATA.Declaration.TestF90DATADeclaration)  Time elapsed: 0.014 sec
