-------------------------------------------------------------------------------
Test set: fr.cnes.analysis.tools.fortran90.rules.COM.FLOW.CheckCodeReturn.TestCOMFLOWCheckCodeReturn
-------------------------------------------------------------------------------
Tests run: 2, Failures: 0, Errors: 0, Skipped: 0, Time elapsed: 0.055 sec - in fr.cnes.analysis.tools.fortran90.rules.COM.FLOW.CheckCodeReturn.TestCOMFLOWCheckCodeReturn
testRunWithoutError(fr.cnes.analysis.tools.fortran90.rules.COM.FLOW.CheckCodeReturn.TestCOMFLOWCheckCodeReturn)  Time elapsed: 0.03 sec
testRunWithError(fr.cnes.analysis.tools.fortran90.rules.COM.FLOW.CheckCodeReturn.TestCOMFLOWCheckCodeReturn)  Time elapsed: 0.005 sec
