-------------------------------------------------------------------------------
Test set: fr.cnes.analysis.tools.fortran90.rules.F90.INST.Associated.TestF90INSTAssociated
-------------------------------------------------------------------------------
Tests run: 2, Failures: 0, Errors: 0, Skipped: 0, Time elapsed: 0.015 sec - in fr.cnes.analysis.tools.fortran90.rules.F90.INST.Associated.TestF90INSTAssociated
testRunWithoutError(fr.cnes.analysis.tools.fortran90.rules.F90.INST.Associated.TestF90INSTAssociated)  Time elapsed: 0.005 sec
testRunWithError(fr.cnes.analysis.tools.fortran90.rules.F90.INST.Associated.TestF90INSTAssociated)  Time elapsed: 0.005 sec
