-------------------------------------------------------------------------------
Test set: fr.cnes.analysis.tools.fortran90.rules.COM.DATA.Invariant.TestCOMDATAInvariant
-------------------------------------------------------------------------------
Tests run: 2, Failures: 0, Errors: 0, Skipped: 0, Time elapsed: 0.094 sec - in fr.cnes.analysis.tools.fortran90.rules.COM.DATA.Invariant.TestCOMDATAInvariant
testRunWithoutError(fr.cnes.analysis.tools.fortran90.rules.COM.DATA.Invariant.TestCOMDATAInvariant)  Time elapsed: 0.039 sec
testRunWithError(fr.cnes.analysis.tools.fortran90.rules.COM.DATA.Invariant.TestCOMDATAInvariant)  Time elapsed: 0.022 sec
