-------------------------------------------------------------------------------
Test set: fr.cnes.analysis.tools.fortran90.rules.COM.INST.GoTo.TestCOMINSTGoTo
-------------------------------------------------------------------------------
Tests run: 2, Failures: 0, Errors: 0, Skipped: 0, Time elapsed: 0.02 sec - in fr.cnes.analysis.tools.fortran90.rules.COM.INST.GoTo.TestCOMINSTGoTo
testRunWithoutError(fr.cnes.analysis.tools.fortran90.rules.COM.INST.GoTo.TestCOMINSTGoTo)  Time elapsed: 0.004 sec
testRunWithError(fr.cnes.analysis.tools.fortran90.rules.COM.INST.GoTo.TestCOMINSTGoTo)  Time elapsed: 0.004 sec
