-------------------------------------------------------------------------------
Test set: fr.cnes.analysis.tools.fortran90.rules.COM.FLOW.CheckUser.TestCOMFLOWCheckUser
-------------------------------------------------------------------------------
Tests run: 2, Failures: 0, Errors: 0, Skipped: 0, Time elapsed: 0.053 sec - in fr.cnes.analysis.tools.fortran90.rules.COM.FLOW.CheckUser.TestCOMFLOWCheckUser
testRunWithoutError(fr.cnes.analysis.tools.fortran90.rules.COM.FLOW.CheckUser.TestCOMFLOWCheckUser)  Time elapsed: 0.014 sec
testRunWithError(fr.cnes.analysis.tools.fortran90.rules.COM.FLOW.CheckUser.TestCOMFLOWCheckUser)  Time elapsed: 0.006 sec
