-------------------------------------------------------------------------------
Test set: fr.cnes.analysis.tools.fortran90.rules.F90.DESIGN.Free.TestF90DESIGNFree
-------------------------------------------------------------------------------
Tests run: 2, Failures: 0, Errors: 0, Skipped: 0, Time elapsed: 0.031 sec - in fr.cnes.analysis.tools.fortran90.rules.F90.DESIGN.Free.TestF90DESIGNFree
testRunWithoutError(fr.cnes.analysis.tools.fortran90.rules.F90.DESIGN.Free.TestF90DESIGNFree)  Time elapsed: 0.006 sec
testRunWithError(fr.cnes.analysis.tools.fortran90.rules.F90.DESIGN.Free.TestF90DESIGNFree)  Time elapsed: 0.006 sec
