-------------------------------------------------------------------------------
Test set: fr.cnes.analysis.tools.fortran90.rules.COM.DATA.FloatCompare.TestCOMDATAFloatCompare
-------------------------------------------------------------------------------
Tests run: 2, Failures: 0, Errors: 0, Skipped: 0, Time elapsed: 0.309 sec - in fr.cnes.analysis.tools.fortran90.rules.COM.DATA.FloatCompare.TestCOMDATAFloatCompare
testRunWithoutError(fr.cnes.analysis.tools.fortran90.rules.COM.DATA.FloatCompare.TestCOMDATAFloatCompare)  Time elapsed: 0.226 sec
testRunWithError(fr.cnes.analysis.tools.fortran90.rules.COM.DATA.FloatCompare.TestCOMDATAFloatCompare)  Time elapsed: 0.011 sec
