-------------------------------------------------------------------------------
Test set: fr.cnes.analysis.tools.fortran90.rules.F90.INST.If.TestF90INSTIf
-------------------------------------------------------------------------------
Tests run: 2, Failures: 0, Errors: 0, Skipped: 0, Time elapsed: 0.015 sec - in fr.cnes.analysis.tools.fortran90.rules.F90.INST.If.TestF90INSTIf
testRunWithoutError(fr.cnes.analysis.tools.fortran90.rules.F90.INST.If.TestF90INSTIf)  Time elapsed: 0.003 sec
testRunWithError(fr.cnes.analysis.tools.fortran90.rules.F90.INST.If.TestF90INSTIf)  Time elapsed: 0.004 sec
