-------------------------------------------------------------------------------
Test set: fr.cnes.analysis.tools.fortran90.rules.F90.DATA.Constant.TestF90DATAConstant
-------------------------------------------------------------------------------
Tests run: 2, Failures: 0, Errors: 0, Skipped: 0, Time elapsed: 0.024 sec - in fr.cnes.analysis.tools.fortran90.rules.F90.DATA.Constant.TestF90DATAConstant
testRunWithoutError(fr.cnes.analysis.tools.fortran90.rules.F90.DATA.Constant.TestF90DATAConstant)  Time elapsed: 0.005 sec
testRunWithError(fr.cnes.analysis.tools.fortran90.rules.F90.DATA.Constant.TestF90DATAConstant)  Time elapsed: 0.008 sec
