-------------------------------------------------------------------------------
Test set: fr.cnes.analysis.tools.fortran90.rules.F90.ERR.Allocate.TestF90ERRAllocate
-------------------------------------------------------------------------------
Tests run: 2, Failures: 0, Errors: 0, Skipped: 0, Time elapsed: 0.026 sec - in fr.cnes.analysis.tools.fortran90.rules.F90.ERR.Allocate.TestF90ERRAllocate
testRunWithoutError(fr.cnes.analysis.tools.fortran90.rules.F90.ERR.Allocate.TestF90ERRAllocate)  Time elapsed: 0.004 sec
testRunWithError(fr.cnes.analysis.tools.fortran90.rules.F90.ERR.Allocate.TestF90ERRAllocate)  Time elapsed: 0.006 sec
