-------------------------------------------------------------------------------
Test set: fr.cnes.analysis.tools.fortran90.rules.F90.REF.Variable.TestF90REFVariable
-------------------------------------------------------------------------------
Tests run: 2, Failures: 0, Errors: 0, Skipped: 0, Time elapsed: 0.02 sec - in fr.cnes.analysis.tools.fortran90.rules.F90.REF.Variable.TestF90REFVariable
testRunWithoutError(fr.cnes.analysis.tools.fortran90.rules.F90.REF.Variable.TestF90REFVariable)  Time elapsed: 0.005 sec
testRunWithError(fr.cnes.analysis.tools.fortran90.rules.F90.REF.Variable.TestF90REFVariable)  Time elapsed: 0.006 sec
