-------------------------------------------------------------------------------
Test set: fr.cnes.analysis.tools.fortran90.rules.F90.INST.Operator.TestF90INSTOperator
-------------------------------------------------------------------------------
Tests run: 2, Failures: 0, Errors: 0, Skipped: 0, Time elapsed: 0.022 sec - in fr.cnes.analysis.tools.fortran90.rules.F90.INST.Operator.TestF90INSTOperator
testRunWithoutError(fr.cnes.analysis.tools.fortran90.rules.F90.INST.Operator.TestF90INSTOperator)  Time elapsed: 0.008 sec
testRunWithError(fr.cnes.analysis.tools.fortran90.rules.F90.INST.Operator.TestF90INSTOperator)  Time elapsed: 0.007 sec
