-------------------------------------------------------------------------------
Test set: fr.cnes.analysis.tools.fortran90.rules.COM.DESIGN.ActiveWait.TestCOMDESIGNActiveWait
-------------------------------------------------------------------------------
Tests run: 2, Failures: 0, Errors: 0, Skipped: 0, Time elapsed: 0.088 sec - in fr.cnes.analysis.tools.fortran90.rules.COM.DESIGN.ActiveWait.TestCOMDESIGNActiveWait
testRunWithoutError(fr.cnes.analysis.tools.fortran90.rules.COM.DESIGN.ActiveWait.TestCOMDESIGNActiveWait)  Time elapsed: 0.014 sec
testRunWithError(fr.cnes.analysis.tools.fortran90.rules.COM.DESIGN.ActiveWait.TestCOMDESIGNActiveWait)  Time elapsed: 0.006 sec
