-------------------------------------------------------------------------------
Test set: fr.cnes.analysis.tools.fortran90.rules.F90.INST.Pointer.TestF90INSTPointer
-------------------------------------------------------------------------------
Tests run: 2, Failures: 0, Errors: 0, Skipped: 0, Time elapsed: 0.03 sec - in fr.cnes.analysis.tools.fortran90.rules.F90.INST.Pointer.TestF90INSTPointer
testRunWithoutError(fr.cnes.analysis.tools.fortran90.rules.F90.INST.Pointer.TestF90INSTPointer)  Time elapsed: 0.007 sec
testRunWithError(fr.cnes.analysis.tools.fortran90.rules.F90.INST.Pointer.TestF90INSTPointer)  Time elapsed: 0.007 sec
