-------------------------------------------------------------------------------
Test set: fr.cnes.analysis.tools.fortran90.rules.F90.REF.Open.TestF90REFOpen
-------------------------------------------------------------------------------
Tests run: 2, Failures: 0, Errors: 0, Skipped: 0, Time elapsed: 0.026 sec - in fr.cnes.analysis.tools.fortran90.rules.F90.REF.Open.TestF90REFOpen
testRunWithoutError(fr.cnes.analysis.tools.fortran90.rules.F90.REF.Open.TestF90REFOpen)  Time elapsed: 0.009 sec
testRunWithError(fr.cnes.analysis.tools.fortran90.rules.F90.REF.Open.TestF90REFOpen)  Time elapsed: 0.005 sec
