-------------------------------------------------------------------------------
Test set: fr.cnes.analysis.tools.fortran90.rules.COM.TYPE.Expression.TestCOMTYPEExpression
-------------------------------------------------------------------------------
Tests run: 2, Failures: 0, Errors: 0, Skipped: 0, Time elapsed: 0.022 sec - in fr.cnes.analysis.tools.fortran90.rules.COM.TYPE.Expression.TestCOMTYPEExpression
testRunWithoutError(fr.cnes.analysis.tools.fortran90.rules.COM.TYPE.Expression.TestCOMTYPEExpression)  Time elapsed: 0.005 sec
testRunWithError(fr.cnes.analysis.tools.fortran90.rules.COM.TYPE.Expression.TestCOMTYPEExpression)  Time elapsed: 0.006 sec
