-------------------------------------------------------------------------------
Test set: fr.cnes.analysis.tools.fortran90.rules.F90.DESIGN.IO.TestF90DESIGNIO
-------------------------------------------------------------------------------
Tests run: 2, Failures: 0, Errors: 0, Skipped: 0, Time elapsed: 0.016 sec - in fr.cnes.analysis.tools.fortran90.rules.F90.DESIGN.IO.TestF90DESIGNIO
testRunWithoutError(fr.cnes.analysis.tools.fortran90.rules.F90.DESIGN.IO.TestF90DESIGNIO)  Time elapsed: 0.005 sec
testRunWithError(fr.cnes.analysis.tools.fortran90.rules.F90.DESIGN.IO.TestF90DESIGNIO)  Time elapsed: 0.004 sec
