-------------------------------------------------------------------------------
Test set: fr.cnes.analysis.tools.fortran90.rules.F90.REF.Interface.TestF90REFInterface
-------------------------------------------------------------------------------
Tests run: 2, Failures: 0, Errors: 0, Skipped: 0, Time elapsed: 0.024 sec - in fr.cnes.analysis.tools.fortran90.rules.F90.REF.Interface.TestF90REFInterface
testRunWithoutError(fr.cnes.analysis.tools.fortran90.rules.F90.REF.Interface.TestF90REFInterface)  Time elapsed: 0.007 sec
testRunWithError(fr.cnes.analysis.tools.fortran90.rules.F90.REF.Interface.TestF90REFInterface)  Time elapsed: 0.006 sec
