-------------------------------------------------------------------------------
Test set: fr.cnes.analysis.tools.fortran90.rules.F90.INST.Only.TestF90INSTOnly
-------------------------------------------------------------------------------
Tests run: 2, Failures: 0, Errors: 0, Skipped: 0, Time elapsed: 0.032 sec - in fr.cnes.analysis.tools.fortran90.rules.F90.INST.Only.TestF90INSTOnly
testRunWithoutError(fr.cnes.analysis.tools.fortran90.rules.F90.INST.Only.TestF90INSTOnly)  Time elapsed: 0.007 sec
testRunWithError(fr.cnes.analysis.tools.fortran90.rules.F90.INST.Only.TestF90INSTOnly)  Time elapsed: 0.006 sec
