-------------------------------------------------------------------------------
Test set: fr.cnes.analysis.tools.fortran90.rules.F90.REF.Array.TestF90REFArray
-------------------------------------------------------------------------------
Tests run: 2, Failures: 0, Errors: 0, Skipped: 0, Time elapsed: 0.023 sec - in fr.cnes.analysis.tools.fortran90.rules.F90.REF.Array.TestF90REFArray
testRunWithoutError(fr.cnes.analysis.tools.fortran90.rules.F90.REF.Array.TestF90REFArray)  Time elapsed: 0.006 sec
testRunWithError(fr.cnes.analysis.tools.fortran90.rules.F90.REF.Array.TestF90REFArray)  Time elapsed: 0.004 sec
