-------------------------------------------------------------------------------
Test set: fr.cnes.analysis.tools.fortran90.rules.COM.NAME.Homonymy.TestCOMNAMEHomonymy
-------------------------------------------------------------------------------
Tests run: 2, Failures: 0, Errors: 0, Skipped: 0, Time elapsed: 0.05 sec - in fr.cnes.analysis.tools.fortran90.rules.COM.NAME.Homonymy.TestCOMNAMEHomonymy
testRunWithoutError(fr.cnes.analysis.tools.fortran90.rules.COM.NAME.Homonymy.TestCOMNAMEHomonymy)  Time elapsed: 0.013 sec
testRunWithError(fr.cnes.analysis.tools.fortran90.rules.COM.NAME.Homonymy.TestCOMNAMEHomonymy)  Time elapsed: 0.011 sec
