-------------------------------------------------------------------------------
Test set: fr.cnes.analysis.tools.fortran90.rules.F90.ERR.OpenRead.TestF90ERROpenRead
-------------------------------------------------------------------------------
Tests run: 2, Failures: 0, Errors: 0, Skipped: 0, Time elapsed: 0.025 sec - in fr.cnes.analysis.tools.fortran90.rules.F90.ERR.OpenRead.TestF90ERROpenRead
testRunWithoutError(fr.cnes.analysis.tools.fortran90.rules.F90.ERR.OpenRead.TestF90ERROpenRead)  Time elapsed: 0.006 sec
testRunWithError(fr.cnes.analysis.tools.fortran90.rules.F90.ERR.OpenRead.TestF90ERROpenRead)  Time elapsed: 0.004 sec
