-------------------------------------------------------------------------------
Test set: fr.cnes.analysis.tools.fortran90.rules.F90.DATA.Float.TestF90DATAFloat
-------------------------------------------------------------------------------
Tests run: 2, Failures: 0, Errors: 0, Skipped: 0, Time elapsed: 0.027 sec - in fr.cnes.analysis.tools.fortran90.rules.F90.DATA.Float.TestF90DATAFloat
testRunWithoutError(fr.cnes.analysis.tools.fortran90.rules.F90.DATA.Float.TestF90DATAFloat)  Time elapsed: 0.005 sec
testRunWithError(fr.cnes.analysis.tools.fortran90.rules.F90.DATA.Float.TestF90DATAFloat)  Time elapsed: 0.005 sec
