-------------------------------------------------------------------------------
Test set: fr.cnes.analysis.tools.fortran90.rules.COM.FLOW.FilePath.TestCOMFLOWFilePath
-------------------------------------------------------------------------------
Tests run: 2, Failures: 0, Errors: 0, Skipped: 0, Time elapsed: 0.02 sec - in fr.cnes.analysis.tools.fortran90.rules.COM.FLOW.FilePath.TestCOMFLOWFilePath
testRunWithoutError(fr.cnes.analysis.tools.fortran90.rules.COM.FLOW.FilePath.TestCOMFLOWFilePath)  Time elapsed: 0.005 sec
testRunWithError(fr.cnes.analysis.tools.fortran90.rules.COM.FLOW.FilePath.TestCOMFLOWFilePath)  Time elapsed: 0.004 sec
