-------------------------------------------------------------------------------
Test set: fr.cnes.analysis.tools.fortran90.rules.F90.INST.Equivalence.TestF90INSTEquivalence
-------------------------------------------------------------------------------
Tests run: 2, Failures: 0, Errors: 0, Skipped: 0, Time elapsed: 0.013 sec - in fr.cnes.analysis.tools.fortran90.rules.F90.INST.Equivalence.TestF90INSTEquivalence
testRunWithoutError(fr.cnes.analysis.tools.fortran90.rules.F90.INST.Equivalence.TestF90INSTEquivalence)  Time elapsed: 0.003 sec
testRunWithError(fr.cnes.analysis.tools.fortran90.rules.F90.INST.Equivalence.TestF90INSTEquivalence)  Time elapsed: 0.005 sec
