-------------------------------------------------------------------------------
Test set: fr.cnes.analysis.tools.fortran90.rules.F90.INST.Intent.TestF90INSTIntent
-------------------------------------------------------------------------------
Tests run: 2, Failures: 0, Errors: 0, Skipped: 0, Time elapsed: 0.044 sec - in fr.cnes.analysis.tools.fortran90.rules.F90.INST.Intent.TestF90INSTIntent
testRunWithoutError(fr.cnes.analysis.tools.fortran90.rules.F90.INST.Intent.TestF90INSTIntent)  Time elapsed: 0.005 sec
testRunWithError(fr.cnes.analysis.tools.fortran90.rules.F90.INST.Intent.TestF90INSTIntent)  Time elapsed: 0.004 sec
