-------------------------------------------------------------------------------
Test set: fr.cnes.analysis.tools.fortran90.rules.F90.DESIGN.Interface.TestF90DESIGNInterface
-------------------------------------------------------------------------------
Tests run: 2, Failures: 0, Errors: 0, Skipped: 0, Time elapsed: 0.023 sec - in fr.cnes.analysis.tools.fortran90.rules.F90.DESIGN.Interface.TestF90DESIGNInterface
testRunWithoutError(fr.cnes.analysis.tools.fortran90.rules.F90.DESIGN.Interface.TestF90DESIGNInterface)  Time elapsed: 0.006 sec
testRunWithError(fr.cnes.analysis.tools.fortran90.rules.F90.DESIGN.Interface.TestF90DESIGNInterface)  Time elapsed: 0.006 sec
