-------------------------------------------------------------------------------
Test set: fr.cnes.analysis.tools.fortran90.rules.F90.TYPE.Real.TestF90TYPEReal
-------------------------------------------------------------------------------
Tests run: 2, Failures: 0, Errors: 0, Skipped: 0, Time elapsed: 0.018 sec - in fr.cnes.analysis.tools.fortran90.rules.F90.TYPE.Real.TestF90TYPEReal
testRunWithoutError(fr.cnes.analysis.tools.fortran90.rules.F90.TYPE.Real.TestF90TYPEReal)  Time elapsed: 0.005 sec
testRunWithError(fr.cnes.analysis.tools.fortran90.rules.F90.TYPE.Real.TestF90TYPEReal)  Time elapsed: 0.005 sec
