-------------------------------------------------------------------------------
Test set: fr.cnes.analysis.tools.fortran90.rules.COM.DATA.NotUsed.TestCOMDATANotUsed
-------------------------------------------------------------------------------
Tests run: 2, Failures: 0, Errors: 0, Skipped: 0, Time elapsed: 0.028 sec - in fr.cnes.analysis.tools.fortran90.rules.COM.DATA.NotUsed.TestCOMDATANotUsed
testRunWithoutError(fr.cnes.analysis.tools.fortran90.rules.COM.DATA.NotUsed.TestCOMDATANotUsed)  Time elapsed: 0.009 sec
testRunWithError(fr.cnes.analysis.tools.fortran90.rules.COM.DATA.NotUsed.TestCOMDATANotUsed)  Time elapsed: 0.006 sec
