-------------------------------------------------------------------------------
Test set: fr.cnes.analysis.tools.fortran90.rules.COM.FLOW.Recursion.TestCOMFLOWRecursion
-------------------------------------------------------------------------------
Tests run: 2, Failures: 0, Errors: 0, Skipped: 0, Time elapsed: 0.027 sec - in fr.cnes.analysis.tools.fortran90.rules.COM.FLOW.Recursion.TestCOMFLOWRecursion
testRunWithoutError(fr.cnes.analysis.tools.fortran90.rules.COM.FLOW.Recursion.TestCOMFLOWRecursion)  Time elapsed: 0.007 sec
testRunWithError(fr.cnes.analysis.tools.fortran90.rules.COM.FLOW.Recursion.TestCOMFLOWRecursion)  Time elapsed: 0.01 sec
