-------------------------------------------------------------------------------
Test set: fr.cnes.analysis.tools.fortran90.rules.F90.NAME.KeyWord.TestF90NAMEKeyWords
-------------------------------------------------------------------------------
Tests run: 2, Failures: 0, Errors: 0, Skipped: 0, Time elapsed: 0.019 sec - in fr.cnes.analysis.tools.fortran90.rules.F90.NAME.KeyWord.TestF90NAMEKeyWords
testRunWithoutError(fr.cnes.analysis.tools.fortran90.rules.F90.NAME.KeyWord.TestF90NAMEKeyWords)  Time elapsed: 0.004 sec
testRunWithError(fr.cnes.analysis.tools.fortran90.rules.F90.NAME.KeyWord.TestF90NAMEKeyWords)  Time elapsed: 0.004 sec
