-------------------------------------------------------------------------------
Test set: fr.cnes.analysis.tools.fortran90.rules.F90.DESIGN.Obsolete.TestF90DESIGNObsolete
-------------------------------------------------------------------------------
Tests run: 2, Failures: 0, Errors: 0, Skipped: 0, Time elapsed: 0.079 sec - in fr.cnes.analysis.tools.fortran90.rules.F90.DESIGN.Obsolete.TestF90DESIGNObsolete
testRunWithoutError(fr.cnes.analysis.tools.fortran90.rules.F90.DESIGN.Obsolete.TestF90DESIGNObsolete)  Time elapsed: 0.015 sec
testRunWithError(fr.cnes.analysis.tools.fortran90.rules.F90.DESIGN.Obsolete.TestF90DESIGNObsolete)  Time elapsed: 0.016 sec
