-------------------------------------------------------------------------------
Test set: fr.cnes.analysis.tools.fortran90.rules.F90.PROTO.Overload.TestF90PROTOOverload
-------------------------------------------------------------------------------
Tests run: 2, Failures: 0, Errors: 0, Skipped: 0, Time elapsed: 0.022 sec - in fr.cnes.analysis.tools.fortran90.rules.F90.PROTO.Overload.TestF90PROTOOverload
testRunWithoutError(fr.cnes.analysis.tools.fortran90.rules.F90.PROTO.Overload.TestF90PROTOOverload)  Time elapsed: 0.006 sec
testRunWithError(fr.cnes.analysis.tools.fortran90.rules.F90.PROTO.Overload.TestF90PROTOOverload)  Time elapsed: 0.008 sec
