-------------------------------------------------------------------------------
Test set: fr.cnes.analysis.tools.fortran90.rules.F90.NAME.GenericIntrinsic.TestF90NAMEGenericIntrinsic
-------------------------------------------------------------------------------
Tests run: 2, Failures: 0, Errors: 0, Skipped: 0, Time elapsed: 0.033 sec - in fr.cnes.analysis.tools.fortran90.rules.F90.NAME.GenericIntrinsic.TestF90NAMEGenericIntrinsic
testRunWithoutError(fr.cnes.analysis.tools.fortran90.rules.F90.NAME.GenericIntrinsic.TestF90NAMEGenericIntrinsic)  Time elapsed: 0.004 sec
testRunWithError(fr.cnes.analysis.tools.fortran90.rules.F90.NAME.GenericIntrinsic.TestF90NAMEGenericIntrinsic)  Time elapsed: 0.004 sec
