-------------------------------------------------------------------------------
Test set: fr.cnes.analysis.tools.fortran90.rules.F90.DATA.Array.TestF90DATAArray
-------------------------------------------------------------------------------
Tests run: 2, Failures: 0, Errors: 0, Skipped: 0, Time elapsed: 0.03 sec - in fr.cnes.analysis.tools.fortran90.rules.F90.DATA.Array.TestF90DATAArray
testRunWithoutError(fr.cnes.analysis.tools.fortran90.rules.F90.DATA.Array.TestF90DATAArray)  Time elapsed: 0.011 sec
testRunWithError(fr.cnes.analysis.tools.fortran90.rules.F90.DATA.Array.TestF90DATAArray)  Time elapsed: 0.009 sec
