-------------------------------------------------------------------------------
Test set: fr.cnes.analysis.tools.shell.metrics.MET.LineOfCode.TestSHMETLineOfCode
-------------------------------------------------------------------------------
Tests run: 1, Failures: 0, Errors: 0, Skipped: 0, Time elapsed: 0.014 sec - in fr.cnes.analysis.tools.shell.metrics.MET.LineOfCode.TestSHMETLineOfCode
testRunWithError(fr.cnes.analysis.tools.shell.metrics.MET.LineOfCode.TestSHMETLineOfCode)  Time elapsed: 0.013 sec
