-------------------------------------------------------------------------------
Test set: fr.cnes.analysis.tools.shell.metrics.MET.ComplexitySimplified.TestSHMETComplexitySimplified
-------------------------------------------------------------------------------
Tests run: 1, Failures: 0, Errors: 0, Skipped: 0, Time elapsed: 0.202 sec - in fr.cnes.analysis.tools.shell.metrics.MET.ComplexitySimplified.TestSHMETComplexitySimplified
testRunWithError(fr.cnes.analysis.tools.shell.metrics.MET.ComplexitySimplified.TestSHMETComplexitySimplified)  Time elapsed: 0.153 sec
